<?xml version="1.0" encoding="UTF-8"?>
<!-- Generated by org.testng.reporters.JUnitReportReporter -->
<testsuite hostname="HarshaLaptop" failures="0" tests="1" name="testCases.TC001_Domestic_DRL_createExpense" time="26.574" errors="0" timestamp="2025-03-19T16:43:14 IST" skipped="0">
  <testcase classname="testCases.TC001_Domestic_DRL_createExpense" name="Login" time="26.574"/>
</testsuite> <!-- testCases.TC001_Domestic_DRL_createExpense -->
